<?xml version="1.0" encoding="UTF-8"?>
<!-- Generated by org.testng.reporters.JUnitReportReporter -->
<testsuite hostname="USMCLAMANDLEKA2" name="com.test.existingTestAutomationSuite.testCase2" tests="1" failures="0" timestamp="24 Aug 2021 00:45:14 GMT" time="0.481" errors="0">
  <testcase name="testSolutionsLink" time="0.481" classname="com.test.existingTestAutomationSuite.testCase2"/>
</testsuite> <!-- com.test.existingTestAutomationSuite.testCase2 -->
