<?xml version="1.0" encoding="UTF-8"?>
<!-- Generated by org.testng.reporters.JUnitReportReporter -->
<testsuite hostname="USMCLAMANDLEKA2" name="com.test.existingTestAutomationSuite.testCase1" tests="1" failures="0" timestamp="24 Aug 2021 00:45:14 GMT" time="0.604" errors="0">
  <testcase name="testProductsLink" time="0.604" classname="com.test.existingTestAutomationSuite.testCase1"/>
</testsuite> <!-- com.test.existingTestAutomationSuite.testCase1 -->
